running egg_info
writing ../../build/joystick/joystick.egg-info/PKG-INFO
writing dependency_links to ../../build/joystick/joystick.egg-info/dependency_links.txt
writing entry points to ../../build/joystick/joystick.egg-info/entry_points.txt
writing requirements to ../../build/joystick/joystick.egg-info/requires.txt
writing top-level names to ../../build/joystick/joystick.egg-info/top_level.txt
reading manifest file '../../build/joystick/joystick.egg-info/SOURCES.txt'
writing manifest file '../../build/joystick/joystick.egg-info/SOURCES.txt'
running build
running build_py
copying joystick/joy_listener.py -> /home/darhf/Manchester/SemanaTec/build/joystick/build/lib/joystick
running install
running install_lib
copying /home/darhf/Manchester/SemanaTec/build/joystick/build/lib/joystick/joy_listener.py -> /home/darhf/Manchester/SemanaTec/install/joystick/lib/python3.10/site-packages/joystick
byte-compiling /home/darhf/Manchester/SemanaTec/install/joystick/lib/python3.10/site-packages/joystick/joy_listener.py to joy_listener.cpython-310.pyc
running install_data
running install_egg_info
removing '/home/darhf/Manchester/SemanaTec/install/joystick/lib/python3.10/site-packages/joystick-0.0.0-py3.10.egg-info' (and everything under it)
Copying ../../build/joystick/joystick.egg-info to /home/darhf/Manchester/SemanaTec/install/joystick/lib/python3.10/site-packages/joystick-0.0.0-py3.10.egg-info
running install_scripts
Installing joy_listener script to /home/darhf/Manchester/SemanaTec/install/joystick/lib/joystick
writing list of installed files to '/home/darhf/Manchester/SemanaTec/build/joystick/install.log'
