[0.666s] Invoking command in '/home/darhf/Manchester/SemanaTec/src/joystick': PYTHONPATH=/home/darhf/Manchester/SemanaTec/build/joystick/prefix_override:/usr/lib/python3/dist-packages/colcon_core/task/python/colcon_distutils_commands:/home/darhf/Manchester/SemanaTec/install/joystick/lib/python3.10/site-packages:${PYTHONPATH} /usr/bin/python3 -W ignore:setup.py install is deprecated -W ignore:easy_install command is deprecated setup.py egg_info --egg-base ../../build/joystick build --build-base /home/darhf/Manchester/SemanaTec/build/joystick/build install --record /home/darhf/Manchester/SemanaTec/build/joystick/install.log --single-version-externally-managed install_data
[0.893s] running egg_info
[0.893s] writing ../../build/joystick/joystick.egg-info/PKG-INFO
[0.893s] writing dependency_links to ../../build/joystick/joystick.egg-info/dependency_links.txt
[0.894s] writing entry points to ../../build/joystick/joystick.egg-info/entry_points.txt
[0.894s] writing requirements to ../../build/joystick/joystick.egg-info/requires.txt
[0.894s] writing top-level names to ../../build/joystick/joystick.egg-info/top_level.txt
[0.895s] reading manifest file '../../build/joystick/joystick.egg-info/SOURCES.txt'
[0.896s] writing manifest file '../../build/joystick/joystick.egg-info/SOURCES.txt'
[0.896s] running build
[0.896s] running build_py
[0.897s] running install
[0.897s] running install_lib
[0.898s] running install_data
[0.898s] copying launch/joystick_launch.py -> /home/darhf/Manchester/SemanaTec/install/joystick/share/joystick/launch
[0.898s] running install_egg_info
[0.900s] removing '/home/darhf/Manchester/SemanaTec/install/joystick/lib/python3.10/site-packages/joystick-0.0.0-py3.10.egg-info' (and everything under it)
[0.901s] Copying ../../build/joystick/joystick.egg-info to /home/darhf/Manchester/SemanaTec/install/joystick/lib/python3.10/site-packages/joystick-0.0.0-py3.10.egg-info
[0.902s] running install_scripts
[0.922s] Installing joy_listener script to /home/darhf/Manchester/SemanaTec/install/joystick/lib/joystick
[0.922s] writing list of installed files to '/home/darhf/Manchester/SemanaTec/build/joystick/install.log'
[0.977s] Invoked command in '/home/darhf/Manchester/SemanaTec/src/joystick' returned '0': PYTHONPATH=/home/darhf/Manchester/SemanaTec/build/joystick/prefix_override:/usr/lib/python3/dist-packages/colcon_core/task/python/colcon_distutils_commands:/home/darhf/Manchester/SemanaTec/install/joystick/lib/python3.10/site-packages:${PYTHONPATH} /usr/bin/python3 -W ignore:setup.py install is deprecated -W ignore:easy_install command is deprecated setup.py egg_info --egg-base ../../build/joystick build --build-base /home/darhf/Manchester/SemanaTec/build/joystick/build install --record /home/darhf/Manchester/SemanaTec/build/joystick/install.log --single-version-externally-managed install_data
